<?xml version="1.0" encoding="UTF-8"?>
<!-- Generated by org.testng.reporters.JUnitReportReporter -->
<testsuite skipped="0" hostname="sunit-PC" name="com.ConvergeHub.TestCases.TC_BasicSearch" tests="1" failures="0" timestamp="18 Jan 2019 10:44:53 GMT" time="34.486" errors="0">
  <testcase name="BasicSearch" time="34.486" classname="com.ConvergeHub.TestCases.TC_BasicSearch"/>
</testsuite> <!-- com.ConvergeHub.TestCases.TC_BasicSearch -->
