<?xml version="1.0" encoding="UTF-8"?>
<!-- Generated by org.testng.reporters.JUnitReportReporter -->
<testsuite skipped="0" hostname="sunit-PC" name="com.ConvergeHub.TestCases.TC_MergeDuplicate" tests="1" failures="0" timestamp="19 Jan 2019 10:31:44 GMT" time="52.477" errors="0">
  <testcase name="MergeLeads" time="52.477" classname="com.ConvergeHub.TestCases.TC_MergeDuplicate"/>
</testsuite> <!-- com.ConvergeHub.TestCases.TC_MergeDuplicate -->
