<?xml version="1.0" encoding="UTF-8"?>
<!-- Generated by org.testng.reporters.JUnitReportReporter -->
<testsuite skipped="0" hostname="sunit-PC" name="com.ConvergeHub.TestCases.TC_MassUpdateForDeal" tests="1" failures="0" timestamp="21 Jan 2019 11:49:07 GMT" time="36.264" errors="0">
  <testcase name="MassUpdateforlead" time="36.264" classname="com.ConvergeHub.TestCases.TC_MassUpdateForDeal"/>
</testsuite> <!-- com.ConvergeHub.TestCases.TC_MassUpdateForDeal -->
