<?xml version="1.0" encoding="UTF-8"?>
<!-- Generated by org.testng.reporters.JUnitReportReporter -->
<testsuite skipped="0" hostname="sunit-PC" name="com.ConvergeHub.TestCases.TC_AdvanceSearch_Deal" tests="1" failures="0" timestamp="21 Jan 2019 07:26:26 GMT" time="33.116" errors="0">
  <testcase name="AdvanceSearch" time="33.116" classname="com.ConvergeHub.TestCases.TC_AdvanceSearch_Deal"/>
</testsuite> <!-- com.ConvergeHub.TestCases.TC_AdvanceSearch_Deal -->
