<?xml version="1.0" encoding="UTF-8"?>
<!-- Generated by org.testng.reporters.JUnitReportReporter -->
<testsuite skipped="0" hostname="sunit-PC" name="com.ConvergeHub.TestCases.TC_CreateTaskForContact" tests="1" failures="0" timestamp="22 Jan 2019 03:55:59 GMT" time="13.911" errors="0">
  <testcase name="CreatetaskforContact" time="13.911" classname="com.ConvergeHub.TestCases.TC_CreateTaskForContact"/>
</testsuite> <!-- com.ConvergeHub.TestCases.TC_CreateTaskForContact -->
