<?xml version="1.0" encoding="UTF-8"?>
<!-- Generated by org.testng.reporters.JUnitReportReporter -->
<testsuite skipped="0" hostname="sunit-PC" name="com.ConvergeHub.TestCases.TC_ConvertLead" tests="1" failures="0" timestamp="19 Jan 2019 09:37:02 GMT" time="68.676" errors="0">
  <testcase name="Convertlead" time="68.676" classname="com.ConvergeHub.TestCases.TC_ConvertLead"/>
</testsuite> <!-- com.ConvergeHub.TestCases.TC_ConvertLead -->
