<?xml version="1.0" encoding="UTF-8"?>
<!-- Generated by org.testng.reporters.JUnitReportReporter -->
<testsuite skipped="0" hostname="sunit-PC" name="com.ConvergeHub.TestCases.TC_DeleteAccount" tests="1" failures="0" timestamp="22 Jan 2019 11:47:23 GMT" time="40.106" errors="0">
  <testcase name="DeleteAccount" time="40.106" classname="com.ConvergeHub.TestCases.TC_DeleteAccount"/>
</testsuite> <!-- com.ConvergeHub.TestCases.TC_DeleteAccount -->
