<?xml version="1.0" encoding="UTF-8"?>
<!-- Generated by org.testng.reporters.JUnitReportReporter -->
<testsuite skipped="0" hostname="sunit-PC" name="com.ConvergeHub.TestCases.TC_EditLead" tests="1" failures="0" timestamp="18 Jan 2019 08:57:19 GMT" time="55.063" errors="0">
  <testcase name="editLead" time="55.063" classname="com.ConvergeHub.TestCases.TC_EditLead"/>
</testsuite> <!-- com.ConvergeHub.TestCases.TC_EditLead -->
