<?xml version="1.0" encoding="UTF-8"?>
<!-- Generated by org.testng.reporters.JUnitReportReporter -->
<testsuite skipped="0" hostname="sunit-PC" name="com.ConvergeHub.TestCases.TC_AddCommentandNoteToContact" tests="2" failures="0" timestamp="22 Jan 2019 03:55:59 GMT" time="18.520" errors="0">
  <testcase name="AddCommentToContact" time="7.625" classname="com.ConvergeHub.TestCases.TC_AddCommentandNoteToContact"/>
  <testcase name="AddNoteToContact" time="10.895" classname="com.ConvergeHub.TestCases.TC_AddCommentandNoteToContact"/>
</testsuite> <!-- com.ConvergeHub.TestCases.TC_AddCommentandNoteToContact -->
