<?xml version="1.0" encoding="UTF-8"?>
<!-- Generated by org.testng.reporters.JUnitReportReporter -->
<testsuite skipped="0" hostname="sunit-PC" name="com.ConvergeHub.TestCases.TC_Marketing" tests="1" failures="0" timestamp="02 Mar 2019 10:12:33 GMT" time="35.964" errors="0">
  <testcase name="templateCreation" time="35.964" classname="com.ConvergeHub.TestCases.TC_Marketing"/>
</testsuite> <!-- com.ConvergeHub.TestCases.TC_Marketing -->
