<?xml version="1.0" encoding="UTF-8"?>
<!-- Generated by org.testng.reporters.JUnitReportReporter -->
<testsuite skipped="0" hostname="sunit-PC" name="com.ConvergeHub.TestCases.TC_AddTarget_Convert" tests="2" failures="0" timestamp="22 Jan 2019 07:06:31 GMT" time="56.277" errors="0">
  <testcase name="TargetCreation" time="40.817" classname="com.ConvergeHub.TestCases.TC_AddTarget_Convert"/>
  <testcase name="ConvertTarget" time="15.460" classname="com.ConvergeHub.TestCases.TC_AddTarget_Convert"/>
</testsuite> <!-- com.ConvergeHub.TestCases.TC_AddTarget_Convert -->
