<?xml version="1.0" encoding="UTF-8"?>
<!-- Generated by org.testng.reporters.JUnitReportReporter -->
<testsuite skipped="0" hostname="sunit-PC" name="com.ConvergeHub.TestCases.TC_AddContacts" tests="1" failures="0" timestamp="22 Jan 2019 03:55:59 GMT" time="34.035" errors="0">
  <testcase name="ContactCreation" time="34.035" classname="com.ConvergeHub.TestCases.TC_AddContacts"/>
</testsuite> <!-- com.ConvergeHub.TestCases.TC_AddContacts -->
