<?xml version="1.0" encoding="UTF-8"?>
<!-- Generated by org.testng.reporters.JUnitReportReporter -->
<testsuite skipped="0" hostname="sunit-PC" name="com.ConvergeHub.TestCases.TC_AddDeal" tests="1" failures="0" timestamp="19 Jan 2019 13:44:40 GMT" time="35.222" errors="0">
  <testcase name="LeadCreation" time="35.222" classname="com.ConvergeHub.TestCases.TC_AddDeal"/>
</testsuite> <!-- com.ConvergeHub.TestCases.TC_AddDeal -->
