<?xml version="1.0" encoding="UTF-8"?>
<!-- Generated by org.testng.reporters.JUnitReportReporter -->
<testsuite skipped="0" hostname="sunit-PC" name="com.ConvergeHub.TestCases.TC_MassUpdateForLead" tests="1" failures="0" timestamp="19 Jan 2019 05:48:33 GMT" time="51.087" errors="0">
  <testcase name="MassUpdateforlead" time="51.087" classname="com.ConvergeHub.TestCases.TC_MassUpdateForLead"/>
</testsuite> <!-- com.ConvergeHub.TestCases.TC_MassUpdateForLead -->
