<?xml version="1.0" encoding="UTF-8"?>
<!-- Generated by org.testng.reporters.JUnitReportReporter -->
<testsuite skipped="0" hostname="sunit-PC" name="com.ConvergeHub.TestCases.TC_Marketing" tests="1" failures="0" timestamp="19 Mar 2019 10:56:20 GMT" time="43.776" errors="0">
  <testcase name="templateCreation" time="43.776" classname="com.ConvergeHub.TestCases.TC_Marketing"/>
</testsuite> <!-- com.ConvergeHub.TestCases.TC_Marketing -->
