<?xml version="1.0" encoding="UTF-8"?>
<!-- Generated by org.testng.reporters.JUnitReportReporter -->
<testsuite skipped="0" hostname="sunit-PC" name="com.ConvergeHub.TestCases.TC_AddLead_QuickView" tests="1" failures="0" timestamp="28 Jan 2019 07:01:15 GMT" time="30.726" errors="0">
  <testcase name="LeadCreationQuickView" time="30.726" classname="com.ConvergeHub.TestCases.TC_AddLead_QuickView"/>
</testsuite> <!-- com.ConvergeHub.TestCases.TC_AddLead_QuickView -->
